<?xml version="1.0" encoding="UTF-8"?>
<!-- Generated by org.testng.reporters.JUnitXMLReporter -->
<testsuite hostname="DESKTOP-8GQ3KA3" ignored="2" name="Test" tests="9" failures="0" timestamp="2022-01-16T09:08:02 IST" time="29.426" errors="0">
  <testcase name="loginFieldValidation" time="1.682" classname="testscenarios.TC001_Login"/>
  <testcase name="registrationFieldValidation" time="2.206" classname="testscenarios.TC002_Registration"/>
  <testcase name="loginWithValidCredential" time="4.432" classname="testscenarios.TC001_Login"/>
  <testcase name="registerWithMandatoryField" time="6.606" classname="testscenarios.TC002_Registration"/>
  <testcase name="loginWithValidCredential" time="3.236" classname="testscenarios.TC001_Login"/>
  <testcase name="loginWithValidCredential" time="2.815" classname="testscenarios.TC001_Login"/>
  <testcase name="registerWithMandatoryField" time="5.871" classname="testscenarios.TC002_Registration"/>
  <testcase name="loginWithInValidCredential" time="2.942" classname="testscenarios.TC001_Login"/>
  <testcase name="registerWithMandatoryField" time="3.91" classname="testscenarios.TC002_Registration"/>
  <testcase name="@BeforeSuite reportInit" time="0.0" classname="base.BaseClass">
    <ignored/>
  </testcase> <!-- @BeforeSuite reportInit -->
  <testcase name="@AfterSuite flushReport" time="0.0" classname="base.BaseClass">
    <ignored/>
  </testcase> <!-- @AfterSuite flushReport -->
</testsuite> <!-- Test -->
